TN:
SF:src/engine/evaluate.ts
FN:19,evaluateBrief
FN:85,(anonymous_1)
FN:89,(anonymous_2)
FN:97,(anonymous_3)
FN:104,(anonymous_4)
FN:105,(anonymous_5)
FNF:6
FNH:6
FNDA:39,evaluateBrief
FNDA:9,(anonymous_1)
FNDA:2,(anonymous_2)
FNDA:116,(anonymous_3)
FNDA:5,(anonymous_4)
FNDA:5,(anonymous_5)
DA:20,39
DA:21,39
DA:24,39
DA:25,39
DA:27,39
DA:28,116
DA:29,116
DA:31,4
DA:32,4
DA:33,112
DA:34,101
DA:36,11
DA:37,11
DA:40,39
DA:43,39
DA:44,39
DA:45,39
DA:47,39
DA:48,116
DA:49,4
DA:50,4
DA:51,4
DA:55,39
DA:56,2
DA:57,2
DA:58,2
DA:60,2
DA:61,1
DA:63,1
DA:68,39
DA:69,39
DA:70,3
DA:71,3
DA:72,1
DA:73,2
DA:74,1
DA:77,3
DA:81,39
DA:82,39
DA:83,3
DA:85,3
DA:86,9
DA:88,3
DA:89,3
DA:90,1
DA:96,39
DA:97,116
DA:98,39
DA:99,4
DA:100,2
DA:104,39
DA:105,5
DA:107,39
DA:108,39
DA:111,39
DA:112,39
DA:115,39
DA:117,39
DA:118,39
DA:119,39
DA:121,39
DA:122,1
DA:125,39
DA:126,27
DA:129,39
DA:130,31
DA:133,39
DA:140,39
DA:141,37
DA:142,35
DA:144,39
DA:145,39
DA:147,39
LF:73
LH:73
BRDA:29,0,0,4
BRDA:29,0,1,112
BRDA:29,1,0,116
BRDA:29,1,1,116
BRDA:33,2,0,101
BRDA:33,2,1,11
BRDA:48,3,0,112
BRDA:48,3,1,4
BRDA:60,4,0,1
BRDA:60,4,1,1
BRDA:60,5,0,2
BRDA:60,5,1,1
BRDA:69,6,0,3
BRDA:69,6,1,36
BRDA:69,7,0,39
BRDA:69,7,1,3
BRDA:71,8,0,1
BRDA:71,8,1,2
BRDA:73,9,0,1
BRDA:73,9,1,1
BRDA:82,10,0,3
BRDA:82,10,1,36
BRDA:89,11,0,1
BRDA:89,11,1,2
BRDA:89,12,0,3
BRDA:89,12,1,2
BRDA:99,13,0,2
BRDA:99,13,1,2
BRDA:121,14,0,1
BRDA:121,14,1,38
BRDA:121,15,0,39
BRDA:121,15,1,2
BRDA:125,16,0,27
BRDA:125,16,1,12
BRDA:125,17,0,39
BRDA:125,17,1,29
BRDA:129,18,0,31
BRDA:129,18,1,8
BRDA:140,19,0,2
BRDA:140,19,1,37
BRDA:141,20,0,2
BRDA:141,20,1,35
BRF:42
BRH:42
end_of_record
